?????
????: MessagesBundle.properties(?? = 1103) (?? = 546)(??? 50%)
????: MessagesBundle_zh_CN.properties(?? = 1165) (?? = 689)(??? 40%)
????: bow_east.png(?? = 618) (?? = 623)(??? 0%)
????: bow_north.png(?? = 682) (?? = 687)(??? 0%)
????: bow_south.png(?? = 684) (?? = 689)(??? 0%)
????: bow_west.png(?? = 599) (?? = 604)(??? 0%)
????: controller/(?? = 0) (?? = 0)(??? 0%)
????: controller/Controller$1.class(?? = 672) (?? = 426)(??? 36%)
????: controller/Controller.class(?? = 4110) (?? = 1970)(??? 52%)
????: controller/MessagesBundle.properties(?? = 1103) (?? = 546)(??? 50%)
????: controller/MessagesBundle_zh_CN.properties(?? = 1167) (?? = 689)(??? 40%)
????: hit.png(?? = 3926) (?? = 3931)(??? 0%)
????: logo.png(?? = 19335) (?? = 19342)(??? 0%)
????: midhull_horiz.png(?? = 240) (?? = 239)(??? 0%)
????: midhull_vert.png(?? = 273) (?? = 274)(??? 0%)
????: miss.png(?? = 2422) (?? = 2427)(??? 0%)
????: model/(?? = 0) (?? = 0)(??? 0%)
????: model/Game$1.class(?? = 895) (?? = 600)(??? 32%)
????: model/Game.class(?? = 8964) (?? = 4676)(??? 47%)
????: model/MessagesBundle.properties(?? = 1103) (?? = 546)(??? 50%)
????: model/MessagesBundle_zh_CN.properties(?? = 1167) (?? = 689)(??? 40%)
????: res/(?? = 0) (?? = 0)(??? 0%)
????: res/bow_east.png(?? = 618) (?? = 623)(??? 0%)
????: res/bow_north.png(?? = 682) (?? = 687)(??? 0%)
????: res/bow_south.png(?? = 684) (?? = 689)(??? 0%)
????: res/bow_west.png(?? = 599) (?? = 604)(??? 0%)
????: res/hit.png(?? = 3926) (?? = 3931)(??? 0%)
????: res/logo.png(?? = 19335) (?? = 19342)(??? 0%)
????: res/midhull_horiz.png(?? = 240) (?? = 239)(??? 0%)
????: res/midhull_vert.png(?? = 273) (?? = 274)(??? 0%)
????: res/miss.png(?? = 2422) (?? = 2427)(??? 0%)
????: test/(?? = 0) (?? = 0)(??? 0%)
????: test/Main.class(?? = 390) (?? = 288)(??? 26%)
????: test/MessagesBundle.properties(?? = 1103) (?? = 546)(??? 50%)
????: test/MessagesBundle_zh_CN.properties(?? = 1167) (?? = 689)(??? 40%)
????: view/(?? = 0) (?? = 0)(??? 0%)
????: view/GameUi.class(?? = 12227) (?? = 5813)(??? 52%)
????: view/MessagesBundle.properties(?? = 1101) (?? = 546)(??? 50%)
????: view/MessagesBundle_zh_CN.properties(?? = 1167) (?? = 689)(??? 40%)
